d:\src\cpp\canfoxlogger\canfoxgui\debug\canfoxgui.form1.resources
d:\src\cpp\canfoxlogger\canfoxgui\debug\canfoxgui.pch
d:\src\cpp\canfoxlogger\canfoxgui\debug\vc141.pdb
d:\src\cpp\canfoxlogger\canfoxgui\debug\stdafx.obj
d:\src\cpp\canfoxlogger\canfoxgui\debug\canlib.obj
d:\src\cpp\canfoxlogger\canfoxgui\debug\canfoxgui.obj
d:\src\cpp\canfoxlogger\canfoxgui\debug\assemblyinfo.obj
d:\src\cpp\canfoxlogger\canfoxgui\debug\.netframework,version=v4.0.assemblyattributes.obj
d:\src\cpp\canfoxlogger\canfoxgui\debug\.netframework,version=v4.0.assemblyattributes.asm
d:\src\cpp\canfoxlogger\debug\canfoxgui.exe
d:\src\cpp\canfoxlogger\debug\canfoxgui.pdb
d:\src\cpp\canfoxlogger\canfoxgui\debug\app.res
d:\src\cpp\canfoxlogger\canfoxgui\debug\canfoxgui.vcxproj.generateresource.cache
d:\src\cpp\canfoxlogger\canfoxgui\debug\canfoxgui.tlog\canfoxgui.write.1u.tlog
d:\src\cpp\canfoxlogger\canfoxgui\debug\canfoxgui.tlog\cl.command.1.tlog
d:\src\cpp\canfoxlogger\canfoxgui\debug\canfoxgui.tlog\cl.read.1.tlog
d:\src\cpp\canfoxlogger\canfoxgui\debug\canfoxgui.tlog\cl.write.1.tlog
d:\src\cpp\canfoxlogger\canfoxgui\debug\canfoxgui.tlog\link.command.1.tlog
d:\src\cpp\canfoxlogger\canfoxgui\debug\canfoxgui.tlog\link.read.1.tlog
d:\src\cpp\canfoxlogger\canfoxgui\debug\canfoxgui.tlog\link.write.1.tlog
d:\src\cpp\canfoxlogger\canfoxgui\debug\canfoxgui.tlog\metagen.read.1.tlog
d:\src\cpp\canfoxlogger\canfoxgui\debug\canfoxgui.tlog\metagen.write.1.tlog
d:\src\cpp\canfoxlogger\canfoxgui\debug\canfoxgui.tlog\rc.command.1.tlog
d:\src\cpp\canfoxlogger\canfoxgui\debug\canfoxgui.tlog\rc.read.1.tlog
d:\src\cpp\canfoxlogger\canfoxgui\debug\canfoxgui.tlog\rc.write.1.tlog
